This is pdfeTeX, Version 3.141592-1.20b-2.2 (MiKTeX 2.4) (preloaded format=latex 2000.6.17)  3 OCT 2018 18:42
entering extended mode
**legenda.tex
(legenda.tex
LaTeX2e <2003/12/01>
Babel <v3.8a> and hyphenation patterns for english, french, german, ngerman, ru
ssian, dumylang, nohyphenation, loaded.
(C:\texmf\tex\latex\base\article.cls
Document Class: article 2004/02/16 v1.4f Standard LaTeX document class
(C:\texmf\tex\latex\base\size12.clo
File: size12.clo 2004/02/16 v1.4f Standard LaTeX file (size option)
)
\c@part=\count79
\c@section=\count80
\c@subsection=\count81
\c@subsubsection=\count82
\c@paragraph=\count83
\c@subparagraph=\count84
\c@figure=\count85
\c@table=\count86
\abovecaptionskip=\skip41
\belowcaptionskip=\skip42
\bibindent=\dimen102
) (C:\texmf\tex\generic\babel\babel.sty
Package: babel 2004/02/19 v3.8a The Babel package

(C:\texmf\tex\generic\babel\english.ldf
Language: english 2004/02/19 v3.3m English support from the babel system
 (C:\texmf\tex\generic\babel\babel.def
File: babel.def 2004/02/19 v3.8a Babel common definitions
\babel@savecnt=\count87
\U@D=\dimen103
)
\l@canadian = a dialect from \language\l@english 
) (C:\texmf\tex\generic\babel\russianb.ldf
Language: russianb 2004/02/19 v1.1o Russian support from the babel system

(C:\texmf\tex\latex\cyrillic\t2aenc.def
File: t2aenc.def 2004/01/26 v1.0g Cyrillic encoding definition file
)

Package babel Warning: No input encoding specified for Russian language on inpu
t line 136.

Package babel Info: Making " an active character on input line 199.
)) (C:\texmf\tex\latex\amsmath\amsmath.sty
Package: amsmath 2000/07/18 v2.13 AMS math features
\@mathmargin=\skip43

For additional information on amsmath, use the `?' option.
(C:\texmf\tex\latex\amsmath\amstext.sty
Package: amstext 2000/06/29 v2.01
 (C:\texmf\tex\latex\amsmath\amsgen.sty
File: amsgen.sty 1999/11/30 v2.0
\@emptytoks=\toks14
\ex@=\dimen104
)) (C:\texmf\tex\latex\amsmath\amsbsy.sty
Package: amsbsy 1999/11/29 v1.2d
\pmbraise@=\dimen105
)
(C:\texmf\tex\latex\amsmath\amsopn.sty
Package: amsopn 1999/12/14 v2.01 operator names
)
\inf@bad=\count88
LaTeX Info: Redefining \frac on input line 211.
\uproot@=\count89
\leftroot@=\count90
LaTeX Info: Redefining \overline on input line 307.
\classnum@=\count91
\DOTSCASE@=\count92
LaTeX Info: Redefining \ldots on input line 379.
LaTeX Info: Redefining \dots on input line 382.
LaTeX Info: Redefining \cdots on input line 467.
\Mathstrutbox@=\box26
\strutbox@=\box27
\big@size=\dimen106
LaTeX Font Info:    Redeclaring font encoding OML on input line 567.
LaTeX Font Info:    Redeclaring font encoding OMS on input line 568.
\macc@depth=\count93
\c@MaxMatrixCols=\count94
\dotsspace@=\muskip10
\c@parentequation=\count95
\dspbrk@lvl=\count96
\tag@help=\toks15
\row@=\count97
\column@=\count98
\maxfields@=\count99
\andhelp@=\toks16
\eqnshift@=\dimen107
\alignsep@=\dimen108
\tagshift@=\dimen109
\tagwidth@=\dimen110
\totwidth@=\dimen111
\lineht@=\dimen112
\@envbody=\toks17
\multlinegap=\skip44
\multlinetaggap=\skip45
\mathdisplay@stack=\toks18
LaTeX Info: Redefining \[ on input line 2666.
LaTeX Info: Redefining \] on input line 2667.
) (C:\texmf\tex\latex\bbm\bbm.sty
Package: bbm 1999/03/15 V 1.2 provides fonts for set symbols - TH
LaTeX Font Info:    Overwriting math alphabet `\mathbbm' in version `bold'
(Font)                  U/bbm/m/n --> U/bbm/bx/n on input line 33.
LaTeX Font Info:    Overwriting math alphabet `\mathbbmss' in version `bold'
(Font)                  U/bbmss/m/n --> U/bbmss/bx/n on input line 35.
)
(C:\texmf\tex\latex\geometry\geometry.sty
Package: geometry 2002/07/08 v3.2 Page Geometry

(C:\texmf\tex\latex\graphics\keyval.sty
Package: keyval 1999/03/16 v1.13 key=value parser (DPC)
\KV@toks@=\toks19
)
\Gm@cnth=\count100
\Gm@cntv=\count101
\c@Gm@tempcnt=\count102
\Gm@bindingoffset=\dimen113
\Gm@wd@mp=\dimen114
\Gm@odd@mp=\dimen115
\Gm@even@mp=\dimen116
\Gm@dimlist=\toks20

(C:\texmf\tex\latex\geometry\geometry.cfg)) (legenda.aux
LaTeX Font Info:    Try loading font information for T2A+cmr on input line 3.

(C:\texmf\tex\latex\cyrillic\t2acmr.fd
File: t2acmr.fd 2001/08/11 v1.0a Computer Modern Cyrillic font definitions
))
LaTeX Font Info:    Checking defaults for OML/cmm/m/it on input line 11.
LaTeX Font Info:    ... okay on input line 11.
LaTeX Font Info:    Checking defaults for T1/cmr/m/n on input line 11.
LaTeX Font Info:    ... okay on input line 11.
LaTeX Font Info:    Checking defaults for OT1/cmr/m/n on input line 11.
LaTeX Font Info:    ... okay on input line 11.
LaTeX Font Info:    Checking defaults for OMS/cmsy/m/n on input line 11.
LaTeX Font Info:    ... okay on input line 11.
LaTeX Font Info:    Checking defaults for OMX/cmex/m/n on input line 11.
LaTeX Font Info:    ... okay on input line 11.
LaTeX Font Info:    Checking defaults for U/cmr/m/n on input line 11.
LaTeX Font Info:    ... okay on input line 11.
LaTeX Font Info:    Checking defaults for T2A/cmr/m/n on input line 11.
LaTeX Font Info:    ... okay on input line 11.
-------------------- Geometry parameters
paper: a4paper
landscape: --
twocolumn: --
twoside: true
asymmetric: --
h-parts: 56.9055pt, 483.69687pt, 56.9055pt
v-parts: 56.9055pt, 731.23584pt, 56.9055pt
hmarginratio: --
vmarginratio: --
lines: --
heightrounded: --
bindingoffset: 0.0pt
truedimen: --
includehead: --
includefoot: --
includemp: --
driver: pdftex
-------------------- Page layout dimensions and switches
\paperwidth  597.50787pt
\paperheight 845.04684pt
\textwidth  483.69687pt
\textheight 731.23584pt
\oddsidemargin  -15.36449pt
\evensidemargin -15.36449pt
\topmargin  -52.36449pt
\headheight 12.0pt
\headsep    25.0pt
\footskip   30.0pt
\marginparwidth 85.0pt
\marginparsep   10.0pt
\columnsep  10.0pt
\skip\footins  10.8pt plus 4.0pt minus 2.0pt
\hoffset 0.0pt
\voffset 0.0pt
\mag 1000
\@twosidetrue \@mparswitchtrue 
(1in=72.27pt, 1cm=28.45pt)
-----------------------
 [1

{psfonts.map}] (legenda.aux) ) 
Here is how much of TeX's memory you used:
 1996 strings out of 95300
 21902 string characters out of 1187449
 76712 words of memory out of 1076881
 5072 multiletter control sequences out of 60000
 7522 words of font info for 24 fonts, out of 500000 for 1000
 198 hyphenation exceptions out of 607
 27i,4n,24p,219b,153s stack positions out of 1500i,500n,5000p,200000b,32768s
PDF statistics:
 25 PDF objects out of 300000
 0 named destinations out of 300000
 1 words of extra memory for PDF output out of 65536
{cm-super-t2a.enc}<C:\texmf\fonts\type1\public\cm
-super\sfrm1200.pfb><C:\texmf\fonts\type1\bluesky\cm\cmr10.pfb><C:\texmf\fonts\
type1\bluesky\cm\cmsy10.pfb><C:\texmf\fonts\type1\bluesky\cm\cmr17.pfb><C:\texm
f\fonts\type1\bluesky\cm\cmr12.pfb><C:\texmf\fonts\type1\bluesky\cm\cmmi12.pfb>
<C:\texmf\fonts\type1\public\cm-super\sfrm1728.pfb>
Output written on legenda.pdf (1 page, 45726 bytes).
