\BOOKMARK [0][-]{chapter*.5}{\376\377\004\022\004\062\004\065\004\064\004\065\004\075\004\070\004\065}{}% 1
\BOOKMARK [0][-]{chapter*.6}{\376\377\004\046\004\065\004\073\004\114\000\040\004\070\004\101\004\101\004\073\004\065\004\064\004\076\004\062\004\060\004\075\004\070\004\117\000\040\004\070\000\040\004\077\004\076\004\101\004\102\004\060\004\075\004\076\004\062\004\072\004\060\000\040\004\067\004\060\004\064\004\060\004\107}{}% 2
\BOOKMARK [0][-]{chapter.1}{\376\377\004\030\004\101\004\072\004\103\004\101\004\101\004\102\004\062\004\065\004\075\004\075\004\113\004\065\000\040\004\075\004\065\004\071\004\100\004\076\004\075\004\075\004\113\004\065\000\040\004\101\004\065\004\102\004\070\000\040\004\070\000\040\004\070\004\105\000\040\004\077\004\100\004\070\004\074\004\065\004\075\004\065\004\075\004\070\004\065\000\040\004\062\000\040\004\072\004\100\004\070\004\077\004\102\004\076\004\063\004\100\004\060\004\104\004\070\004\070}{}% 3
\BOOKMARK [1][-]{section.1.1}{\376\377\004\036\004\061\004\067\004\076\004\100\000\040\004\073\004\070\004\102\004\065\004\100\004\060\004\102\004\103\004\100\004\113}{chapter.1}% 4
\BOOKMARK [1][-]{section.1.2}{\376\377\004\030\004\101\004\072\004\103\004\101\004\101\004\102\004\062\004\065\004\075\004\075\004\113\004\065\000\040\004\075\004\065\004\071\004\100\004\076\004\075\004\075\004\113\004\065\000\040\004\101\004\065\004\102\004\070\000:\000\040\004\060\004\100\004\105\004\070\004\102\004\065\004\072\004\102\004\103\004\100\004\060\000,\000\040\004\077\004\060\004\100\004\060\004\074\004\065\004\102\004\100\004\113\000,\000\040\004\077\004\100\004\076\004\063\004\100\004\060\004\074\004\074\004\075\004\113\004\065\000\040\004\101\004\100\004\065\004\064\004\101\004\102\004\062\004\060}{chapter.1}% 5
\BOOKMARK [2][-]{subsection.1.2.1}{\376\377\004\020\004\100\004\105\004\070\004\102\004\065\004\072\004\102\004\103\004\100\004\060\000\040\004\075\004\065\004\071\004\100\004\076\004\075\004\075\004\113\004\105\000\040\004\101\004\065\004\102\004\065\004\071}{section.1.2}% 6
\BOOKMARK [2][-]{subsection.1.2.2}{\376\377\004\037\004\060\004\100\004\060\004\074\004\065\004\102\004\100\004\113\000\040\004\075\004\065\004\071\004\100\004\076\004\075\004\075\004\113\004\105\000\040\004\101\004\065\004\102\004\065\004\071}{section.1.2}% 7
\BOOKMARK [2][-]{subsection.1.2.3}{\376\377\004\036\004\106\004\065\004\075\004\070\004\062\004\060\004\075\004\070\004\065\000\040\004\075\004\065\004\071\004\100\004\076\004\075\004\075\004\113\004\105\000\040\004\101\004\065\004\102\004\065\004\071\000\040\004\070\000\040\004\065\004\065\000\040\004\077\004\060\004\100\004\060\004\074\004\065\004\102\004\100\004\076\004\062}{section.1.2}% 8
\BOOKMARK [0][-]{chapter.2}{\376\377\004\020\004\077\004\077\004\100\004\076\004\072\004\101\004\070\004\074\004\060\004\106\004\070\004\117\000\040\004\072\004\100\004\070\004\077\004\102\004\076\004\063\004\100\004\060\004\104\004\070\004\107\004\065\004\101\004\072\004\070\004\105\000\040\004\077\004\100\004\070\004\074\004\070\004\102\004\070\004\062\004\076\004\062\000\040\004\077\004\100\004\065\004\076\004\061\004\100\004\060\004\067\004\076\004\062\004\060\004\075\004\070\004\117\000\040\004\044\004\065\004\071\004\101\004\102\004\065\004\073\004\117}{}% 9
\BOOKMARK [1][-]{section.2.1}{\376\377\004\034\004\060\004\102\004\065\004\074\004\060\004\102\004\070\004\107\004\065\004\101\004\072\004\076\004\065\000\040\004\076\004\077\004\070\004\101\004\060\004\075\004\070\004\065\000\040\004\072\004\100\004\070\004\077\004\102\004\076\004\063\004\100\004\060\004\104\004\070\004\107\004\065\004\101\004\072\004\070\004\105\000\040\004\077\004\100\004\070\004\074\004\070\004\102\004\070\004\062\004\076\004\062}{chapter.2}% 10
\BOOKMARK [1][-]{section.2.2}{\376\377\004\020\004\077\004\077\004\100\004\076\004\072\004\101\004\070\004\074\004\060\004\106\004\070\004\117\000\040\004\072\004\100\004\070\004\077\004\102\004\076\004\063\004\100\004\060\004\104\004\070\004\107\004\065\004\101\004\072\004\070\004\105\000\040\004\077\004\100\004\070\004\074\004\070\004\102\004\070\004\062\004\076\004\062\000\040\004\101\000\040\004\077\004\076\004\074\004\076\004\111\004\114\004\116\000\040\004\075\004\065\004\071\004\100\004\076\004\075\004\075\004\113\004\105\000\040\004\101\004\065\004\102\004\065\004\071}{chapter.2}% 11
\BOOKMARK [2][-]{subsection.2.2.1}{\376\377\004\036\004\077\004\070\004\101\004\060\004\075\004\070\004\065\000\040\004\103\004\101\004\073\004\076\004\062\004\070\004\071\000\040\004\072\004\076\004\074\004\077\004\114\004\116\004\102\004\065\004\100\004\075\004\076\004\063\004\076\000\040\004\115\004\072\004\101\004\077\004\065\004\100\004\070\004\074\004\065\004\075\004\102\004\060\000\040\004\070\000\040\004\070\004\101\004\077\004\076\004\073\004\114\004\067\004\103\004\065\004\074\004\113\004\105\000\040\004\075\004\065\004\071\004\100\004\076\004\075\004\075\004\113\004\105\000\040\004\101\004\065\004\102\004\065\004\071}{section.2.2}% 12
\BOOKMARK [2][-]{subsection.2.2.2}{\376\377\004\036\004\077\004\070\004\101\004\060\004\075\004\070\004\065\000\040\004\064\004\060\004\075\004\075\004\113\004\105\000\040\004\115\004\072\004\101\004\077\004\065\004\100\004\070\004\074\004\065\004\075\004\102\004\060}{section.2.2}% 13
\BOOKMARK [1][-]{section.2.3}{\376\377\004\047\004\070\004\101\004\073\004\065\004\075\004\075\004\113\004\065\000\040\004\100\004\065\004\067\004\103\004\073\004\114\004\102\004\060\004\102\004\113}{chapter.2}% 14
\BOOKMARK [2][-]{subsection.2.3.1}{\376\377\004\034\004\076\004\064\004\065\004\073\004\114\000\040\000g\0000}{section.2.3}% 15
\BOOKMARK [2][-]{subsection.2.3.2}{\376\377\004\034\004\076\004\064\004\065\004\073\004\114\000\040\000g\0001}{section.2.3}% 16
\BOOKMARK [2][-]{subsection.2.3.3}{\376\377\004\034\004\076\004\064\004\065\004\073\004\114\000\040\000g\0002}{section.2.3}% 17
\BOOKMARK [2][-]{subsection.2.3.4}{\376\377\004\034\004\076\004\064\004\065\004\073\004\114\000\040\000g\0004}{section.2.3}% 18
\BOOKMARK [2][-]{subsection.2.3.5}{\376\377\004\034\004\076\004\064\004\065\004\073\004\114\000\040\000g\0008}{section.2.3}% 19
\BOOKMARK [2][-]{subsection.2.3.6}{\376\377\004\034\004\076\004\064\004\065\004\073\004\114\000\040\000g\0001\0006}{section.2.3}% 20
\BOOKMARK [2][-]{subsection.2.3.7}{\376\377\004\034\004\076\004\064\004\065\004\073\004\114\000\040\000g\0003\0002}{section.2.3}% 21
\BOOKMARK [2][-]{subsection.2.3.8}{\376\377\004\036\004\061\004\076\004\061\004\111\004\065\004\075\004\070\004\065\000\040\004\077\004\076\004\073\004\103\004\107\004\065\004\075\004\075\004\113\004\105\000\040\004\100\004\065\004\067\004\103\004\073\004\114\004\102\004\060\004\102\004\076\004\062}{section.2.3}% 22
\BOOKMARK [0][-]{chapter.3}{\376\377\004\036\004\106\004\065\004\075\004\072\004\060\000\040\004\075\004\060\004\064\004\065\004\066\004\075\004\076\004\101\004\102\004\070\000\040\004\072\004\100\004\070\004\077\004\102\004\076\004\063\004\100\004\060\004\104\004\070\004\107\004\065\004\101\004\072\004\076\004\063\004\076\000\040\004\077\004\100\004\065\004\076\004\061\004\100\004\060\004\067\004\076\004\062\004\060\004\075\004\070\004\117\000\040\004\044\004\065\004\071\004\101\004\102\004\065\004\073\004\117\000\040\004\101\000\040\004\077\004\076\004\074\004\076\004\111\004\114\004\116\000\040\004\065\004\063\004\076\000\040\004\060\004\077\004\077\004\100\004\076\004\072\004\101\004\070\004\074\004\060\004\106\004\070\004\070\000\040\004\075\004\065\004\071\004\100\004\076\004\075\004\075\004\076\004\071\000\040\004\101\004\065\004\102\004\114\004\116}{}% 23
\BOOKMARK [1][-]{section.3.1}{\376\377\004\036\004\077\004\070\004\101\004\060\004\075\004\070\004\065\000\040\004\070\004\101\004\077\004\076\004\073\004\114\004\067\004\103\004\065\004\074\004\076\004\071\000\040\004\074\004\076\004\064\004\065\004\073\004\070\000\040\004\072\004\100\004\070\004\077\004\102\004\076\004\063\004\100\004\060\004\104\004\070\004\107\004\065\004\101\004\072\004\076\004\063\004\076\000\040\004\077\004\100\004\065\004\076\004\061\004\100\004\060\004\067\004\076\004\062\004\060\004\075\004\070\004\117\000\040\004\044\004\065\004\071\004\101\004\102\004\065\004\073\004\117}{chapter.3}% 24
\BOOKMARK [1][-]{section.3.2}{\376\377\004\036\004\077\004\070\004\101\004\060\004\075\004\070\004\065\000\040\004\070\004\101\004\077\004\076\004\073\004\114\004\067\004\103\004\065\004\074\004\113\004\105\000\040\004\075\004\065\004\071\004\100\004\076\004\075\004\075\004\113\004\105\000\040\004\101\004\065\004\102\004\065\004\071}{chapter.3}% 25
\BOOKMARK [2][-]{subsection.3.2.1}{\376\377\004\036\004\077\004\070\004\101\004\060\004\075\004\070\004\065\000\040\004\103\004\101\004\073\004\076\004\062\004\070\004\071\000\040\004\072\004\076\004\074\004\077\004\114\004\116\004\102\004\065\004\100\004\075\004\076\004\063\004\076\000\040\004\115\004\072\004\101\004\077\004\065\004\100\004\070\004\074\004\065\004\075\004\102\004\060\000\040\004\070\000\040\004\070\004\101\004\077\004\076\004\073\004\114\004\067\004\103\004\065\004\074\004\113\004\105\000\040\004\075\004\065\004\071\004\100\004\076\004\075\004\075\004\113\004\105\000\040\004\101\004\065\004\102\004\065\004\071}{section.3.2}% 26
\BOOKMARK [2][-]{subsection.3.2.2}{\376\377\004\036\004\077\004\070\004\101\004\060\004\075\004\070\004\065\000\040\004\064\004\060\004\075\004\075\004\113\004\105\000\040\004\115\004\072\004\101\004\077\004\065\004\100\004\070\004\074\004\065\004\075\004\102\004\060}{section.3.2}% 27
\BOOKMARK [1][-]{section.3.3}{\376\377\004\047\004\070\004\101\004\073\004\065\004\075\004\075\004\113\004\065\000\040\004\100\004\065\004\067\004\103\004\073\004\114\004\102\004\060\004\102\004\113}{chapter.3}% 28
\BOOKMARK [2][-]{subsection.3.3.1}{\376\377\004\034\004\076\004\064\004\065\004\073\004\070\000\040\000f\0001}{section.3.3}% 29
\BOOKMARK [2][-]{subsection.3.3.2}{\376\377\004\034\004\076\004\064\004\065\004\073\004\070\000\040\000f\0002}{section.3.3}% 30
\BOOKMARK [2][-]{subsection.3.3.3}{\376\377\004\034\004\076\004\064\004\065\004\073\004\070\000\040\000f\0003}{section.3.3}% 31
\BOOKMARK [2][-]{subsection.3.3.4}{\376\377\004\034\004\076\004\064\004\065\004\073\004\070\000\040\000f\0004}{section.3.3}% 32
\BOOKMARK [2][-]{subsection.3.3.5}{\376\377\004\034\004\076\004\064\004\065\004\073\004\070\000\040\000f\0005}{section.3.3}% 33
\BOOKMARK [2][-]{subsection.3.3.6}{\376\377\004\034\004\076\004\064\004\065\004\073\004\070\000\040\000f\0006}{section.3.3}% 34
\BOOKMARK [2][-]{subsection.3.3.7}{\376\377\004\034\004\076\004\064\004\065\004\073\004\070\000\040\000f\0007}{section.3.3}% 35
\BOOKMARK [2][-]{subsection.3.3.8}{\376\377\004\034\004\076\004\064\004\065\004\073\004\070\000\040\000f\0008}{section.3.3}% 36
\BOOKMARK [2][-]{subsection.3.3.9}{\376\377\004\036\004\061\004\076\004\061\004\111\004\065\004\075\004\070\004\065\000\040\004\077\004\076\004\073\004\103\004\107\004\065\004\075\004\075\004\113\004\105\000\040\004\100\004\065\004\067\004\103\004\073\004\114\004\102\004\060\004\102\004\076\004\062}{section.3.3}% 37
\BOOKMARK [0][-]{chapter*.7}{\376\377\004\027\004\060\004\072\004\073\004\116\004\107\004\065\004\075\004\070\004\065}{}% 38
\BOOKMARK [0][-]{Item.67}{\376\377\004\041\004\077\004\070\004\101\004\076\004\072\000\040\004\073\004\070\004\102\004\065\004\100\004\060\004\102\004\103\004\100\004\113}{}% 39
\BOOKMARK [0][-]{chapter*.8}{\376\377\004\037\004\100\004\070\004\073\004\076\004\066\004\065\004\075\004\070\004\065}{}% 40
\BOOKMARK [1][-]{section.3.4}{\376\377\004\030\004\101\004\105\004\076\004\064\004\075\004\113\004\071\000\040\004\072\004\076\004\064\000\040\004\100\004\065\004\060\004\073\004\070\004\067\004\060\004\106\004\070\004\070}{chapter*.8}% 41
